G:\Work File\ImageGalleryFeature\ImageGalleryFeature\ClientApp\dist\out-tsc\e2e\src\app.po.js
G:\Work File\ImageGalleryFeature\ImageGalleryFeature\ClientApp\dist\out-tsc\e2e\src\app.po.js.map
G:\Work File\ImageGalleryFeature\ImageGalleryFeature\ClientApp\dist\out-tsc\e2e\src\app.e2e-spec.js
G:\Work File\ImageGalleryFeature\ImageGalleryFeature\ClientApp\dist\out-tsc\e2e\src\app.e2e-spec.js.map
G:\Work File\ImageGalleryFeature\ImageGalleryFeature\ClientApp\dist\out-tsc\src\app\app-routing.module.js
G:\Work File\ImageGalleryFeature\ImageGalleryFeature\ClientApp\dist\out-tsc\src\app\app-routing.module.js.map
G:\Work File\ImageGalleryFeature\ImageGalleryFeature\ClientApp\dist\out-tsc\src\app\app.component.js
G:\Work File\ImageGalleryFeature\ImageGalleryFeature\ClientApp\dist\out-tsc\src\app\app.component.js.map
G:\Work File\ImageGalleryFeature\ImageGalleryFeature\ClientApp\dist\out-tsc\src\app\app.module.js
G:\Work File\ImageGalleryFeature\ImageGalleryFeature\ClientApp\dist\out-tsc\src\app\app.module.js.map
G:\Work File\ImageGalleryFeature\ImageGalleryFeature\ClientApp\dist\out-tsc\src\environments\environment.js
G:\Work File\ImageGalleryFeature\ImageGalleryFeature\ClientApp\dist\out-tsc\src\environments\environment.js.map
G:\Work File\ImageGalleryFeature\ImageGalleryFeature\ClientApp\dist\out-tsc\src\main.js
G:\Work File\ImageGalleryFeature\ImageGalleryFeature\ClientApp\dist\out-tsc\src\main.js.map
G:\Work File\ImageGalleryFeature\ImageGalleryFeature\ClientApp\dist\out-tsc\src\polyfills.js
G:\Work File\ImageGalleryFeature\ImageGalleryFeature\ClientApp\dist\out-tsc\src\polyfills.js.map
G:\Work File\ImageGalleryFeature\ImageGalleryFeature\ClientApp\dist\out-tsc\src\test.js
G:\Work File\ImageGalleryFeature\ImageGalleryFeature\ClientApp\dist\out-tsc\src\test.js.map
G:\Work File\ImageGalleryFeature\ImageGalleryFeature\ClientApp\dist\out-tsc\src\app\app.component.spec.js
G:\Work File\ImageGalleryFeature\ImageGalleryFeature\ClientApp\dist\out-tsc\src\app\app.component.spec.js.map
G:\Work File\ImageGalleryFeature\ImageGalleryFeature\ClientApp\dist\out-tsc\src\environments\environment.prod.js
G:\Work File\ImageGalleryFeature\ImageGalleryFeature\ClientApp\dist\out-tsc\src\environments\environment.prod.js.map
